<?xml version="1.0" encoding="UTF-8"?>
<!-- Generated by org.testng.reporters.JUnitReportReporter -->
<testsuite hostname="DESKTOP-B5SGTSB" failures="0" tests="2" name="org.selenium.NewTest" time="152.046" errors="0" timestamp="2023-11-30T12:14:24 IST" skipped="0">
  <testcase classname="org.selenium.NewTest" name="Filpkart" time="80.898"/>
  <system-out/>
  <testcase classname="org.selenium.NewTest" name="faceBook" time="71.148"/>
  <system-out/>
</testsuite> <!-- org.selenium.NewTest -->
